<?xml version="1.0" encoding="UTF-8"?>
<testsuite name="service.BookServiceTest" tests="7" skipped="0" failures="0" errors="0" timestamp="2023-10-03T15:23:11" hostname="Kyunghunui-MacBookAir.local" time="0.014">
  <properties/>
  <testcase name="도서 분실 테스트" classname="service.BookServiceTest" time="0.007"/>
  <testcase name="도서 대여 실패 테스트" classname="service.BookServiceTest" time="0.001"/>
  <testcase name="도서 등록 테스트" classname="service.BookServiceTest" time="0.001"/>
  <testcase name="도서 실패 테스트" classname="service.BookServiceTest" time="0.001"/>
  <testcase name="도서 반납 테스트" classname="service.BookServiceTest" time="0.001"/>
  <testcase name="도서 대여 테스트" classname="service.BookServiceTest" time="0.0"/>
  <testcase name="도서 삭제 테스트" classname="service.BookServiceTest" time="0.0"/>
  <system-out><![CDATA[]]></system-out>
  <system-err><![CDATA[]]></system-err>
</testsuite>
